{"D:\\Estudos\\Guilherme\\Outros\\GitHub\\studies-react\\studies-react\\react-unit-testing\\src\\components\\List.tsx": {"path":"D:\\Estudos\\Guilherme\\Outros\\GitHub\\studies-react\\studies-react\\react-unit-testing\\src\\components\\List.tsx","all":false,"statementMap":{"0":{"start":{"line":1,"column":0},"end":{"line":1,"column":32}},"1":{"start":{"line":2,"column":0},"end":{"line":2,"column":0}},"2":{"start":{"line":3,"column":0},"end":{"line":3,"column":18}},"3":{"start":{"line":4,"column":0},"end":{"line":4,"column":26}},"4":{"start":{"line":5,"column":0},"end":{"line":5,"column":1}},"5":{"start":{"line":6,"column":0},"end":{"line":6,"column":44}},"6":{"start":{"line":7,"column":0},"end":{"line":7,"column":44}},"7":{"start":{"line":8,"column":0},"end":{"line":8,"column":48}},"8":{"start":{"line":9,"column":0},"end":{"line":9,"column":0}},"9":{"start":{"line":10,"column":0},"end":{"line":10,"column":24}},"10":{"start":{"line":11,"column":0},"end":{"line":11,"column":22}},"11":{"start":{"line":12,"column":0},"end":{"line":12,"column":42}},"12":{"start":{"line":13,"column":0},"end":{"line":13,"column":11}},"13":{"start":{"line":14,"column":0},"end":{"line":14,"column":3}},"14":{"start":{"line":15,"column":0},"end":{"line":15,"column":2}},"15":{"start":{"line":16,"column":0},"end":{"line":16,"column":41}},"16":{"start":{"line":17,"column":0},"end":{"line":17,"column":22}},"17":{"start":{"line":18,"column":0},"end":{"line":18,"column":59}},"18":{"start":{"line":19,"column":0},"end":{"line":19,"column":6}},"19":{"start":{"line":20,"column":0},"end":{"line":20,"column":3}},"20":{"start":{"line":21,"column":0},"end":{"line":21,"column":0}},"21":{"start":{"line":22,"column":0},"end":{"line":22,"column":10}},"22":{"start":{"line":23,"column":0},"end":{"line":23,"column":6}},"23":{"start":{"line":24,"column":0},"end":{"line":24,"column":96}},"24":{"start":{"line":25,"column":0},"end":{"line":25,"column":52}},"25":{"start":{"line":26,"column":0},"end":{"line":26,"column":0}},"26":{"start":{"line":27,"column":0},"end":{"line":27,"column":10}},"27":{"start":{"line":28,"column":0},"end":{"line":28,"column":41}},"28":{"start":{"line":29,"column":0},"end":{"line":29,"column":16}},"29":{"start":{"line":30,"column":0},"end":{"line":30,"column":71}},"30":{"start":{"line":31,"column":0},"end":{"line":31,"column":15}},"31":{"start":{"line":32,"column":0},"end":{"line":32,"column":11}},"32":{"start":{"line":33,"column":0},"end":{"line":33,"column":7}},"33":{"start":{"line":34,"column":0},"end":{"line":34,"column":3}},"34":{"start":{"line":35,"column":0},"end":{"line":35,"column":1}},"35":{"start":{"line":36,"column":0},"end":{"line":36,"column":0}},"36":{"start":{"line":37,"column":0},"end":{"line":37,"column":19}}},"s":{"0":1,"1":1,"2":1,"3":1,"4":1,"5":11,"6":11,"7":11,"8":11,"9":11,"10":1,"11":1,"12":1,"13":1,"14":11,"15":11,"16":1,"17":1,"18":1,"19":1,"20":11,"21":11,"22":11,"23":11,"24":11,"25":11,"26":11,"27":11,"28":11,"29":11,"30":11,"31":11,"32":11,"33":11,"34":11,"35":1,"36":1},"branchMap":{"0":{"type":"branch","line":37,"loc":{"start":{"line":37,"column":0},"end":{"line":37,"column":15}},"locations":[{"start":{"line":37,"column":0},"end":{"line":37,"column":15}}]},"1":{"type":"branch","line":6,"loc":{"start":{"line":6,"column":0},"end":{"line":35,"column":1}},"locations":[{"start":{"line":6,"column":0},"end":{"line":35,"column":1}}]},"2":{"type":"branch","line":10,"loc":{"start":{"line":10,"column":2},"end":{"line":14,"column":3}},"locations":[{"start":{"line":10,"column":2},"end":{"line":14,"column":3}}]},"3":{"type":"branch","line":11,"loc":{"start":{"line":11,"column":15},"end":{"line":13,"column":7}},"locations":[{"start":{"line":11,"column":15},"end":{"line":13,"column":7}}]},"4":{"type":"branch","line":12,"loc":{"start":{"line":12,"column":14},"end":{"line":12,"column":42}},"locations":[{"start":{"line":12,"column":14},"end":{"line":12,"column":42}}]},"5":{"type":"branch","line":16,"loc":{"start":{"line":16,"column":2},"end":{"line":20,"column":3}},"locations":[{"start":{"line":16,"column":2},"end":{"line":20,"column":3}}]},"6":{"type":"branch","line":17,"loc":{"start":{"line":17,"column":15},"end":{"line":19,"column":6}},"locations":[{"start":{"line":17,"column":15},"end":{"line":19,"column":6}}]},"7":{"type":"branch","line":18,"loc":{"start":{"line":18,"column":14},"end":{"line":18,"column":58}},"locations":[{"start":{"line":18,"column":14},"end":{"line":18,"column":58}}]},"8":{"type":"branch","line":18,"loc":{"start":{"line":18,"column":36},"end":{"line":18,"column":57}},"locations":[{"start":{"line":18,"column":36},"end":{"line":18,"column":57}}]},"9":{"type":"branch","line":24,"loc":{"start":{"line":24,"column":61},"end":{"line":24,"column":92}},"locations":[{"start":{"line":24,"column":61},"end":{"line":24,"column":92}}]},"10":{"type":"branch","line":28,"loc":{"start":{"line":28,"column":18},"end":{"line":28,"column":41}},"locations":[{"start":{"line":28,"column":18},"end":{"line":28,"column":41}}]},"11":{"type":"branch","line":30,"loc":{"start":{"line":30,"column":27},"end":{"line":30,"column":53}},"locations":[{"start":{"line":30,"column":27},"end":{"line":30,"column":53}}]}},"b":{"0":[5],"1":[11],"2":[1],"3":[1],"4":[1],"5":[1],"6":[1],"7":[1],"8":[3],"9":[4],"10":[9],"11":[1]},"fnMap":{"0":{"name":"get","decl":{"start":{"line":37,"column":0},"end":{"line":37,"column":15}},"loc":{"start":{"line":37,"column":0},"end":{"line":37,"column":15}},"line":37},"1":{"name":"List","decl":{"start":{"line":6,"column":0},"end":{"line":35,"column":1}},"loc":{"start":{"line":6,"column":0},"end":{"line":35,"column":1}},"line":6},"2":{"name":"addToList","decl":{"start":{"line":10,"column":2},"end":{"line":14,"column":3}},"loc":{"start":{"line":10,"column":2},"end":{"line":14,"column":3}},"line":10},"3":{"name":"removeFromList","decl":{"start":{"line":16,"column":2},"end":{"line":20,"column":3}},"loc":{"start":{"line":16,"column":2},"end":{"line":20,"column":3}},"line":16},"4":{"name":"onChange","decl":{"start":{"line":24,"column":61},"end":{"line":24,"column":92}},"loc":{"start":{"line":24,"column":61},"end":{"line":24,"column":92}},"line":24},"5":{"name":"onClick","decl":{"start":{"line":30,"column":27},"end":{"line":30,"column":53}},"loc":{"start":{"line":30,"column":27},"end":{"line":30,"column":53}},"line":30}},"f":{"0":5,"1":11,"2":1,"3":1,"4":4,"5":1}}
}
