{"D:\\Estudos\\Guilherme\\Outros\\GitHub\\studies-react\\studies-react\\react-unit-testing\\src\\App.tsx": {"path":"D:\\Estudos\\Guilherme\\Outros\\GitHub\\studies-react\\studies-react\\react-unit-testing\\src\\App.tsx","all":false,"statementMap":{"0":{"start":{"line":1,"column":0},"end":{"line":1,"column":32}},"1":{"start":{"line":2,"column":0},"end":{"line":2,"column":0}},"2":{"start":{"line":3,"column":0},"end":{"line":3,"column":16}},"3":{"start":{"line":4,"column":0},"end":{"line":4,"column":44}},"4":{"start":{"line":5,"column":0},"end":{"line":5,"column":61}},"5":{"start":{"line":6,"column":0},"end":{"line":6,"column":0}},"6":{"start":{"line":7,"column":0},"end":{"line":7,"column":24}},"7":{"start":{"line":8,"column":0},"end":{"line":8,"column":22}},"8":{"start":{"line":9,"column":0},"end":{"line":9,"column":42}},"9":{"start":{"line":10,"column":0},"end":{"line":10,"column":11}},"10":{"start":{"line":11,"column":0},"end":{"line":11,"column":3}},"11":{"start":{"line":12,"column":0},"end":{"line":12,"column":2}},"12":{"start":{"line":13,"column":0},"end":{"line":13,"column":41}},"13":{"start":{"line":14,"column":0},"end":{"line":14,"column":22}},"14":{"start":{"line":15,"column":0},"end":{"line":15,"column":59}},"15":{"start":{"line":16,"column":0},"end":{"line":16,"column":6}},"16":{"start":{"line":17,"column":0},"end":{"line":17,"column":3}},"17":{"start":{"line":18,"column":0},"end":{"line":18,"column":0}},"18":{"start":{"line":19,"column":0},"end":{"line":19,"column":10}},"19":{"start":{"line":20,"column":0},"end":{"line":20,"column":6}},"20":{"start":{"line":21,"column":0},"end":{"line":21,"column":96}},"21":{"start":{"line":22,"column":0},"end":{"line":22,"column":52}},"22":{"start":{"line":23,"column":0},"end":{"line":23,"column":0}},"23":{"start":{"line":24,"column":0},"end":{"line":24,"column":10}},"24":{"start":{"line":25,"column":0},"end":{"line":25,"column":41}},"25":{"start":{"line":26,"column":0},"end":{"line":26,"column":16}},"26":{"start":{"line":27,"column":0},"end":{"line":27,"column":71}},"27":{"start":{"line":28,"column":0},"end":{"line":28,"column":15}},"28":{"start":{"line":29,"column":0},"end":{"line":29,"column":11}},"29":{"start":{"line":30,"column":0},"end":{"line":30,"column":7}},"30":{"start":{"line":31,"column":0},"end":{"line":31,"column":3}},"31":{"start":{"line":32,"column":0},"end":{"line":32,"column":1}},"32":{"start":{"line":33,"column":0},"end":{"line":33,"column":0}},"33":{"start":{"line":34,"column":0},"end":{"line":34,"column":18}}},"s":{"0":1,"1":1,"2":9,"3":9,"4":9,"5":9,"6":9,"7":1,"8":1,"9":1,"10":1,"11":9,"12":9,"13":1,"14":1,"15":1,"16":1,"17":9,"18":9,"19":9,"20":9,"21":9,"22":9,"23":9,"24":9,"25":9,"26":9,"27":9,"28":9,"29":9,"30":9,"31":9,"32":1,"33":1},"branchMap":{"0":{"type":"branch","line":34,"loc":{"start":{"line":34,"column":0},"end":{"line":34,"column":15}},"locations":[{"start":{"line":34,"column":0},"end":{"line":34,"column":15}}]},"1":{"type":"branch","line":3,"loc":{"start":{"line":3,"column":0},"end":{"line":32,"column":1}},"locations":[{"start":{"line":3,"column":0},"end":{"line":32,"column":1}}]},"2":{"type":"branch","line":7,"loc":{"start":{"line":7,"column":2},"end":{"line":11,"column":3}},"locations":[{"start":{"line":7,"column":2},"end":{"line":11,"column":3}}]},"3":{"type":"branch","line":8,"loc":{"start":{"line":8,"column":15},"end":{"line":10,"column":7}},"locations":[{"start":{"line":8,"column":15},"end":{"line":10,"column":7}}]},"4":{"type":"branch","line":9,"loc":{"start":{"line":9,"column":14},"end":{"line":9,"column":42}},"locations":[{"start":{"line":9,"column":14},"end":{"line":9,"column":42}}]},"5":{"type":"branch","line":13,"loc":{"start":{"line":13,"column":2},"end":{"line":17,"column":3}},"locations":[{"start":{"line":13,"column":2},"end":{"line":17,"column":3}}]},"6":{"type":"branch","line":14,"loc":{"start":{"line":14,"column":15},"end":{"line":16,"column":6}},"locations":[{"start":{"line":14,"column":15},"end":{"line":16,"column":6}}]},"7":{"type":"branch","line":15,"loc":{"start":{"line":15,"column":14},"end":{"line":15,"column":58}},"locations":[{"start":{"line":15,"column":14},"end":{"line":15,"column":58}}]},"8":{"type":"branch","line":15,"loc":{"start":{"line":15,"column":36},"end":{"line":15,"column":57}},"locations":[{"start":{"line":15,"column":36},"end":{"line":15,"column":57}}]},"9":{"type":"branch","line":21,"loc":{"start":{"line":21,"column":61},"end":{"line":21,"column":92}},"locations":[{"start":{"line":21,"column":61},"end":{"line":21,"column":92}}]},"10":{"type":"branch","line":25,"loc":{"start":{"line":25,"column":18},"end":{"line":25,"column":41}},"locations":[{"start":{"line":25,"column":18},"end":{"line":25,"column":41}}]},"11":{"type":"branch","line":27,"loc":{"start":{"line":27,"column":27},"end":{"line":27,"column":53}},"locations":[{"start":{"line":27,"column":27},"end":{"line":27,"column":53}}]}},"b":{"0":[3],"1":[9],"2":[1],"3":[1],"4":[1],"5":[1],"6":[1],"7":[1],"8":[3],"9":[4],"10":[25],"11":[1]},"fnMap":{"0":{"name":"get","decl":{"start":{"line":34,"column":0},"end":{"line":34,"column":15}},"loc":{"start":{"line":34,"column":0},"end":{"line":34,"column":15}},"line":34},"1":{"name":"App","decl":{"start":{"line":3,"column":0},"end":{"line":32,"column":1}},"loc":{"start":{"line":3,"column":0},"end":{"line":32,"column":1}},"line":3},"2":{"name":"addToList","decl":{"start":{"line":7,"column":2},"end":{"line":11,"column":3}},"loc":{"start":{"line":7,"column":2},"end":{"line":11,"column":3}},"line":7},"3":{"name":"removeFromList","decl":{"start":{"line":13,"column":2},"end":{"line":17,"column":3}},"loc":{"start":{"line":13,"column":2},"end":{"line":17,"column":3}},"line":13},"4":{"name":"onChange","decl":{"start":{"line":21,"column":61},"end":{"line":21,"column":92}},"loc":{"start":{"line":21,"column":61},"end":{"line":21,"column":92}},"line":21},"5":{"name":"onClick","decl":{"start":{"line":27,"column":27},"end":{"line":27,"column":53}},"loc":{"start":{"line":27,"column":27},"end":{"line":27,"column":53}},"line":27}},"f":{"0":3,"1":9,"2":1,"3":1,"4":4,"5":1}}
}
