TN:
SF:src\components\List.tsx
FN:37,get
FN:6,List
FN:10,addToList
FN:16,removeFromList
FN:24,onChange
FN:30,onClick
FNF:6
FNH:6
FNDA:5,get
FNDA:11,List
FNDA:1,addToList
FNDA:1,removeFromList
FNDA:4,onChange
FNDA:1,onClick
DA:1,1
DA:2,1
DA:3,1
DA:4,1
DA:5,1
DA:6,11
DA:7,11
DA:8,11
DA:9,11
DA:10,11
DA:11,1
DA:12,1
DA:13,1
DA:14,1
DA:15,11
DA:16,11
DA:17,1
DA:18,1
DA:19,1
DA:20,1
DA:21,11
DA:22,11
DA:23,11
DA:24,11
DA:25,11
DA:26,11
DA:27,11
DA:28,11
DA:29,11
DA:30,11
DA:31,11
DA:32,11
DA:33,11
DA:34,11
DA:35,11
DA:36,1
DA:37,1
LF:37
LH:37
BRDA:37,0,0,5
BRDA:6,1,0,11
BRDA:10,2,0,1
BRDA:11,3,0,1
BRDA:12,4,0,1
BRDA:16,5,0,1
BRDA:17,6,0,1
BRDA:18,7,0,1
BRDA:18,8,0,3
BRDA:24,9,0,4
BRDA:28,10,0,9
BRDA:30,11,0,1
BRF:12
BRH:12
end_of_record
