TN:
SF:src\App.tsx
FN:34,get
FN:3,App
FN:7,addToList
FN:13,removeFromList
FN:21,onChange
FN:27,onClick
FNF:6
FNH:6
FNDA:3,get
FNDA:9,App
FNDA:1,addToList
FNDA:1,removeFromList
FNDA:4,onChange
FNDA:1,onClick
DA:1,1
DA:2,1
DA:3,9
DA:4,9
DA:5,9
DA:6,9
DA:7,9
DA:8,1
DA:9,1
DA:10,1
DA:11,1
DA:12,9
DA:13,9
DA:14,1
DA:15,1
DA:16,1
DA:17,1
DA:18,9
DA:19,9
DA:20,9
DA:21,9
DA:22,9
DA:23,9
DA:24,9
DA:25,9
DA:26,9
DA:27,9
DA:28,9
DA:29,9
DA:30,9
DA:31,9
DA:32,9
DA:33,1
DA:34,1
LF:34
LH:34
BRDA:34,0,0,3
BRDA:3,1,0,9
BRDA:7,2,0,1
BRDA:8,3,0,1
BRDA:9,4,0,1
BRDA:13,5,0,1
BRDA:14,6,0,1
BRDA:15,7,0,1
BRDA:15,8,0,3
BRDA:21,9,0,4
BRDA:25,10,0,25
BRDA:27,11,0,1
BRF:12
BRH:12
end_of_record
